2024-11-21 10:31:31,811 [Worker-5: Loading available Gradle versions] INFO  o.e.b.c.i.u.g.PublishedGradleVersions - Gradle version information cache is up-to-date. Trying to read.
2024-11-21 10:33:41,254 [Worker-6: Creating maven-archetype-quickstart] INFO  o.e.m.c.i.p.ProjectConfigurationManager - Collecting project info '/pom.xml' /Users/ankushsharma/Documents/workspace-spring/springcore/pom.xml
2024-11-21 10:33:41,504 [Worker-6: Creating maven-archetype-quickstart] INFO  o.e.m.c.i.l.LifecycleMappingFactory - Using org.eclipse.m2e.jdt.JarLifecycleMapping lifecycle mapping for MavenProject: ankush.springcore:springcore:0.0.1-SNAPSHOT @ /Users/ankushsharma/Documents/workspace-spring/springcore/pom.xml.
2024-11-21 10:33:41,768 [Worker-6: Creating maven-archetype-quickstart] INFO  o.e.m.j.i.AbstractJavaProjectConfigurator - Adding source folder /springcore/src/main/java
2024-11-21 10:33:41,769 [Worker-6: Creating maven-archetype-quickstart] INFO  o.e.m.j.i.AbstractJavaProjectConfigurator - Adding source folder /springcore/src/test/java
2024-11-21 10:33:42,240 [Worker-6: Creating maven-archetype-quickstart] INFO  o.e.m.c.i.p.ProjectConfigurationManager - Imported and configured 1 project(s) in 0 sec
2024-11-21 10:33:42,765 [Worker-6: Building] INFO  o.a.m.s.f.DefaultMavenResourcesFiltering - skip non existing resourceDirectory /Users/ankushsharma/Documents/workspace-spring/springcore/src/main/resources
2024-11-21 10:33:42,766 [Worker-6: Building] INFO  o.a.m.s.f.DefaultMavenResourcesFiltering - skip non existing resourceDirectory /Users/ankushsharma/Documents/workspace-spring/springcore/src/test/resources
2024-11-21 10:34:05,899 [Worker-16: Building] INFO  o.e.m.c.i.l.LifecycleMappingFactory - Using org.eclipse.m2e.jdt.JarLifecycleMapping lifecycle mapping for MavenProject: ankush.springcore:springcore:0.0.1-SNAPSHOT @ /Users/ankushsharma/Documents/workspace-spring/springcore/pom.xml.
2024-11-21 10:34:05,970 [Worker-16: Building] INFO  o.a.m.s.f.DefaultMavenResourcesFiltering - skip non existing resourceDirectory /Users/ankushsharma/Documents/workspace-spring/springcore/src/main/resources
2024-11-21 10:34:05,971 [Worker-16: Building] INFO  o.a.m.s.f.DefaultMavenResourcesFiltering - skip non existing resourceDirectory /Users/ankushsharma/Documents/workspace-spring/springcore/src/test/resources
2024-11-21 10:35:39,844 [Worker-14: Updating Maven Project] INFO  o.e.m.c.i.p.ProjectConfigurationManager - Update started
2024-11-21 10:35:39,924 [Worker-14: Updating Maven Project] INFO  o.e.m.c.i.l.LifecycleMappingFactory - Using org.eclipse.m2e.jdt.JarLifecycleMapping lifecycle mapping for MavenProject: ankush.springcore:springcore:0.0.1-SNAPSHOT @ /Users/ankushsharma/Documents/workspace-spring/springcore/pom.xml.
2024-11-21 10:35:39,991 [Worker-14: Updating Maven Project] INFO  o.e.m.j.i.AbstractJavaProjectConfigurator - Adding source folder /springcore/src/main/java
2024-11-21 10:35:39,992 [Worker-14: Updating Maven Project] INFO  o.e.m.j.i.AbstractJavaProjectConfigurator - Adding source folder /springcore/src/test/java
2024-11-21 10:35:40,029 [Worker-14: Updating Maven Project] INFO  o.e.m.c.i.p.ProjectConfigurationManager - Update completed: 0 sec
2024-11-21 10:35:40,210 [Worker-0: Building] INFO  o.a.m.s.f.DefaultMavenResourcesFiltering - skip non existing resourceDirectory /Users/ankushsharma/Documents/workspace-spring/springcore/src/main/resources
2024-11-21 10:35:40,211 [Worker-0: Building] INFO  o.a.m.s.f.DefaultMavenResourcesFiltering - skip non existing resourceDirectory /Users/ankushsharma/Documents/workspace-spring/springcore/src/test/resources
2024-11-21 10:38:02,886 [Worker-17: Building] INFO  o.a.m.s.f.DefaultMavenResourcesFiltering - skip non existing resourceDirectory /Users/ankushsharma/Documents/workspace-spring/springcore/src/main/resources
2024-11-21 10:38:02,887 [Worker-17: Building] INFO  o.a.m.s.f.DefaultMavenResourcesFiltering - skip non existing resourceDirectory /Users/ankushsharma/Documents/workspace-spring/springcore/src/test/resources
2024-11-21 10:39:10,041 [Worker-17: Building] INFO  o.a.m.s.f.DefaultMavenResourcesFiltering - skip non existing resourceDirectory /Users/ankushsharma/Documents/workspace-spring/springcore/src/main/resources
2024-11-21 10:39:10,041 [Worker-17: Building] INFO  o.a.m.s.f.DefaultMavenResourcesFiltering - skip non existing resourceDirectory /Users/ankushsharma/Documents/workspace-spring/springcore/src/test/resources
2024-11-21 10:41:34,407 [Worker-20: Building] INFO  o.a.m.s.f.DefaultMavenResourcesFiltering - skip non existing resourceDirectory /Users/ankushsharma/Documents/workspace-spring/springcore/src/main/resources
2024-11-21 10:41:34,408 [Worker-20: Building] INFO  o.a.m.s.f.DefaultMavenResourcesFiltering - skip non existing resourceDirectory /Users/ankushsharma/Documents/workspace-spring/springcore/src/test/resources
2024-11-21 10:42:24,801 [Worker-21: Updating Maven Project] INFO  o.e.m.c.i.p.ProjectConfigurationManager - Update started
2024-11-21 10:42:24,878 [Worker-21: Updating Maven Project] INFO  o.e.m.c.i.l.LifecycleMappingFactory - Using org.eclipse.m2e.jdt.JarLifecycleMapping lifecycle mapping for MavenProject: ankush.springcore:springcore:0.0.1-SNAPSHOT @ /Users/ankushsharma/Documents/workspace-spring/springcore/pom.xml.
2024-11-21 10:42:24,938 [Worker-21: Updating Maven Project] INFO  o.e.m.j.i.AbstractJavaProjectConfigurator - Adding source folder /springcore/src/main/java
2024-11-21 10:42:24,938 [Worker-21: Updating Maven Project] INFO  o.e.m.j.i.AbstractJavaProjectConfigurator - Adding source folder /springcore/src/test/java
2024-11-21 10:42:25,021 [Worker-21: Updating Maven Project] INFO  o.e.m.c.i.p.ProjectConfigurationManager - Update completed: 0 sec
2024-11-21 10:42:25,142 [Worker-15: Building] INFO  o.a.m.s.f.DefaultMavenResourcesFiltering - skip non existing resourceDirectory /Users/ankushsharma/Documents/workspace-spring/springcore/src/main/resources
2024-11-21 10:42:25,143 [Worker-15: Building] INFO  o.a.m.s.f.DefaultMavenResourcesFiltering - skip non existing resourceDirectory /Users/ankushsharma/Documents/workspace-spring/springcore/src/test/resources
2024-11-21 10:44:27,396 [Worker-15: Building] INFO  o.e.m.c.i.l.LifecycleMappingFactory - Using org.eclipse.m2e.jdt.JarLifecycleMapping lifecycle mapping for MavenProject: ankush.springcore:springcore:0.0.1-SNAPSHOT @ /Users/ankushsharma/Documents/workspace-spring/springcore/pom.xml.
2024-11-21 10:44:27,444 [Worker-0: Loading pom.xml] ERROR o.e.m.editor.pom.DependencyTreePage - Could not read maven project
org.eclipse.core.runtime.CoreException: Could not read maven project
	at org.eclipse.m2e.core.internal.project.registry.ProjectRegistryManager.readProjectWithDependencies(ProjectRegistryManager.java:844)
	at org.eclipse.m2e.core.internal.project.registry.ProjectRegistryManager.lambda$22(ProjectRegistryManager.java:1064)
	at com.google.common.cache.LocalCache$LocalManualCache$1.load(LocalCache.java:4853)
	at com.google.common.cache.LocalCache$LoadingValueReference.loadFuture(LocalCache.java:3529)
	at com.google.common.cache.LocalCache$Segment.loadSync(LocalCache.java:2278)
	at com.google.common.cache.LocalCache$Segment.lockedGetOrLoad(LocalCache.java:2155)
	at com.google.common.cache.LocalCache$Segment.get(LocalCache.java:2045)
	at com.google.common.cache.LocalCache.get(LocalCache.java:3951)
	at com.google.common.cache.LocalCache$LocalManualCache.get(LocalCache.java:4848)
	at org.eclipse.m2e.core.internal.project.registry.ProjectRegistryManager.getMavenProject(ProjectRegistryManager.java:1063)
	at org.eclipse.m2e.core.internal.project.registry.MavenProjectFacade.getMavenProject(MavenProjectFacade.java:261)
	at org.eclipse.m2e.core.ui.internal.actions.SelectionUtil.getMavenProject(SelectionUtil.java:257)
	at org.eclipse.m2e.editor.pom.MavenPomEditor.readMavenProject(MavenPomEditor.java:643)
	at org.eclipse.m2e.editor.pom.DependencyTreePage$1.run(DependencyTreePage.java:219)
	at org.eclipse.core.internal.jobs.Worker.run(Worker.java:63)
2024-11-21 10:45:00,250 [Worker-0: Building] INFO  o.e.m.c.i.l.LifecycleMappingFactory - Using org.eclipse.m2e.jdt.JarLifecycleMapping lifecycle mapping for MavenProject: ankush.springcore:springcore:0.0.1-SNAPSHOT @ /Users/ankushsharma/Documents/workspace-spring/springcore/pom.xml.
2024-11-21 10:45:00,405 [Worker-0: Building] INFO  o.a.m.s.f.DefaultMavenResourcesFiltering - skip non existing resourceDirectory /Users/ankushsharma/Documents/workspace-spring/springcore/src/main/resources
2024-11-21 10:45:00,407 [Worker-0: Building] INFO  o.a.m.s.f.DefaultMavenResourcesFiltering - skip non existing resourceDirectory /Users/ankushsharma/Documents/workspace-spring/springcore/src/test/resources
2024-11-21 10:45:01,495 [Worker-24: Building] INFO  o.a.m.s.f.DefaultMavenResourcesFiltering - skip non existing resourceDirectory /Users/ankushsharma/Documents/workspace-spring/springcore/src/main/resources
2024-11-21 10:45:01,495 [Worker-24: Building] INFO  o.a.m.s.f.DefaultMavenResourcesFiltering - skip non existing resourceDirectory /Users/ankushsharma/Documents/workspace-spring/springcore/src/test/resources
2024-11-21 10:45:02,054 [Worker-15: Download sources and javadoc] INFO  o.e.m.c.i.e.AbstractTransferListenerAdapter - Downloading https://repo.maven.apache.org/maven2/org/springframework/spring-core/5.2.25.RELEASE/spring-core-5.2.25.RELEASE-sources.jar
2024-11-21 10:45:03,182 [Worker-15: Download sources and javadoc] INFO  o.e.m.c.i.e.AbstractTransferListenerAdapter - Downloaded https://repo.maven.apache.org/maven2/org/springframework/spring-core/5.2.25.RELEASE/spring-core-5.2.25.RELEASE-sources.jar
2024-11-21 10:45:03,240 [Worker-15: Download sources and javadoc] INFO  o.e.m.j.internal.DownloadSourcesJob - Downloaded sources for org.springframework:spring-core:5.2.25.RELEASE
2024-11-21 10:45:03,465 [Worker-15: Download sources and javadoc] INFO  o.e.m.c.i.e.AbstractTransferListenerAdapter - Downloading https://repo.maven.apache.org/maven2/org/springframework/spring-jcl/5.2.25.RELEASE/spring-jcl-5.2.25.RELEASE-sources.jar
2024-11-21 10:45:03,896 [Worker-15: Download sources and javadoc] INFO  o.e.m.c.i.e.AbstractTransferListenerAdapter - Downloaded https://repo.maven.apache.org/maven2/org/springframework/spring-jcl/5.2.25.RELEASE/spring-jcl-5.2.25.RELEASE-sources.jar
2024-11-21 10:45:03,924 [Worker-15: Download sources and javadoc] INFO  o.e.m.j.internal.DownloadSourcesJob - Downloaded sources for org.springframework:spring-jcl:5.2.25.RELEASE
2024-11-21 10:45:04,093 [Worker-15: Download sources and javadoc] INFO  o.e.m.c.i.e.AbstractTransferListenerAdapter - Downloading https://repo.maven.apache.org/maven2/org/springframework/spring-context/5.2.25.RELEASE/spring-context-5.2.25.RELEASE-sources.jar
2024-11-21 10:45:04,718 [Worker-15: Download sources and javadoc] INFO  o.e.m.c.i.e.AbstractTransferListenerAdapter - Downloaded https://repo.maven.apache.org/maven2/org/springframework/spring-context/5.2.25.RELEASE/spring-context-5.2.25.RELEASE-sources.jar
2024-11-21 10:45:04,746 [Worker-15: Download sources and javadoc] INFO  o.e.m.j.internal.DownloadSourcesJob - Downloaded sources for org.springframework:spring-context:5.2.25.RELEASE
2024-11-21 10:45:04,937 [Worker-15: Download sources and javadoc] INFO  o.e.m.c.i.e.AbstractTransferListenerAdapter - Downloading https://repo.maven.apache.org/maven2/org/springframework/spring-aop/5.2.25.RELEASE/spring-aop-5.2.25.RELEASE-sources.jar
2024-11-21 10:45:05,503 [Worker-15: Download sources and javadoc] INFO  o.e.m.c.i.e.AbstractTransferListenerAdapter - Downloaded https://repo.maven.apache.org/maven2/org/springframework/spring-aop/5.2.25.RELEASE/spring-aop-5.2.25.RELEASE-sources.jar
2024-11-21 10:45:05,541 [Worker-15: Download sources and javadoc] INFO  o.e.m.j.internal.DownloadSourcesJob - Downloaded sources for org.springframework:spring-aop:5.2.25.RELEASE
2024-11-21 10:45:05,728 [Worker-15: Download sources and javadoc] INFO  o.e.m.c.i.e.AbstractTransferListenerAdapter - Downloading https://repo.maven.apache.org/maven2/org/springframework/spring-beans/5.2.25.RELEASE/spring-beans-5.2.25.RELEASE-sources.jar
2024-11-21 10:45:06,253 [Worker-15: Download sources and javadoc] INFO  o.e.m.c.i.e.AbstractTransferListenerAdapter - Downloaded https://repo.maven.apache.org/maven2/org/springframework/spring-beans/5.2.25.RELEASE/spring-beans-5.2.25.RELEASE-sources.jar
2024-11-21 10:45:06,278 [Worker-15: Download sources and javadoc] INFO  o.e.m.j.internal.DownloadSourcesJob - Downloaded sources for org.springframework:spring-beans:5.2.25.RELEASE
2024-11-21 10:45:06,458 [Worker-15: Download sources and javadoc] INFO  o.e.m.c.i.e.AbstractTransferListenerAdapter - Downloading https://repo.maven.apache.org/maven2/org/springframework/spring-expression/5.2.25.RELEASE/spring-expression-5.2.25.RELEASE-sources.jar
2024-11-21 10:45:06,866 [Worker-15: Download sources and javadoc] INFO  o.e.m.c.i.e.AbstractTransferListenerAdapter - Downloaded https://repo.maven.apache.org/maven2/org/springframework/spring-expression/5.2.25.RELEASE/spring-expression-5.2.25.RELEASE-sources.jar
2024-11-21 10:45:07,022 [Worker-15: Download sources and javadoc] INFO  o.e.m.j.internal.DownloadSourcesJob - Downloaded sources for org.springframework:spring-expression:5.2.25.RELEASE
2024-11-21 10:45:07,170 [Worker-0: Building] INFO  o.a.m.s.f.DefaultMavenResourcesFiltering - skip non existing resourceDirectory /Users/ankushsharma/Documents/workspace-spring/springcore/src/main/resources
2024-11-21 10:45:07,170 [Worker-0: Building] INFO  o.a.m.s.f.DefaultMavenResourcesFiltering - skip non existing resourceDirectory /Users/ankushsharma/Documents/workspace-spring/springcore/src/test/resources
2024-11-21 11:13:18,670 [Worker-26: Building] INFO  o.a.m.s.f.DefaultMavenResourcesFiltering - skip non existing resourceDirectory /Users/ankushsharma/Documents/workspace-spring/springcore/src/main/resources
2024-11-21 11:13:18,671 [Worker-26: Building] INFO  o.a.m.s.f.DefaultMavenResourcesFiltering - skip non existing resourceDirectory /Users/ankushsharma/Documents/workspace-spring/springcore/src/test/resources
2024-11-21 11:13:54,018 [Worker-26: Building] INFO  o.e.m.c.i.l.LifecycleMappingFactory - Using org.eclipse.m2e.jdt.JarLifecycleMapping lifecycle mapping for MavenProject: ankush.springcore:springcore:0.0.1-SNAPSHOT @ /Users/ankushsharma/Documents/workspace-spring/springcore/pom.xml.
2024-11-21 11:13:54,106 [Worker-26: Building] INFO  o.a.m.s.f.DefaultMavenResourcesFiltering - skip non existing resourceDirectory /Users/ankushsharma/Documents/workspace-spring/springcore/src/main/resources
2024-11-21 11:13:54,106 [Worker-26: Building] INFO  o.a.m.s.f.DefaultMavenResourcesFiltering - skip non existing resourceDirectory /Users/ankushsharma/Documents/workspace-spring/springcore/src/test/resources
2024-11-21 11:13:55,260 [Worker-26: Building] INFO  o.a.m.s.f.DefaultMavenResourcesFiltering - skip non existing resourceDirectory /Users/ankushsharma/Documents/workspace-spring/springcore/src/main/resources
2024-11-21 11:13:55,261 [Worker-26: Building] INFO  o.a.m.s.f.DefaultMavenResourcesFiltering - skip non existing resourceDirectory /Users/ankushsharma/Documents/workspace-spring/springcore/src/test/resources
2024-11-21 11:13:55,414 [Worker-27: Download sources and javadoc] INFO  o.e.m.c.i.e.AbstractTransferListenerAdapter - Downloading https://repo.maven.apache.org/maven2/org/projectlombok/lombok/1.18.36/lombok-1.18.36-sources.jar
2024-11-21 11:13:55,740 [Worker-27: Download sources and javadoc] INFO  o.e.m.c.i.e.AbstractTransferListenerAdapter - Downloaded https://repo.maven.apache.org/maven2/org/projectlombok/lombok/1.18.36/lombok-1.18.36-sources.jar
2024-11-21 11:13:55,803 [Worker-27: Download sources and javadoc] INFO  o.e.m.j.internal.DownloadSourcesJob - Downloaded sources for org.projectlombok:lombok:1.18.36
2024-11-21 11:13:56,277 [Worker-25: Building] INFO  o.a.m.s.f.DefaultMavenResourcesFiltering - skip non existing resourceDirectory /Users/ankushsharma/Documents/workspace-spring/springcore/src/main/resources
2024-11-21 11:13:56,277 [Worker-25: Building] INFO  o.a.m.s.f.DefaultMavenResourcesFiltering - skip non existing resourceDirectory /Users/ankushsharma/Documents/workspace-spring/springcore/src/test/resources
2024-11-21 11:14:08,006 [Worker-26: Building] INFO  o.a.m.s.f.DefaultMavenResourcesFiltering - skip non existing resourceDirectory /Users/ankushsharma/Documents/workspace-spring/springcore/src/main/resources
2024-11-21 11:14:08,007 [Worker-26: Building] INFO  o.a.m.s.f.DefaultMavenResourcesFiltering - skip non existing resourceDirectory /Users/ankushsharma/Documents/workspace-spring/springcore/src/test/resources
2024-11-21 11:18:49,475 [Worker-27: Building] INFO  o.a.m.s.f.DefaultMavenResourcesFiltering - skip non existing resourceDirectory /Users/ankushsharma/Documents/workspace-spring/springcore/src/main/resources
2024-11-21 11:18:49,475 [Worker-27: Building] INFO  o.a.m.s.f.DefaultMavenResourcesFiltering - skip non existing resourceDirectory /Users/ankushsharma/Documents/workspace-spring/springcore/src/test/resources
2024-11-21 11:27:13,983 [Worker-37: Building] INFO  o.a.m.s.f.DefaultMavenResourcesFiltering - skip non existing resourceDirectory /Users/ankushsharma/Documents/workspace-spring/springcore/src/main/resources
2024-11-21 11:27:13,984 [Worker-37: Building] INFO  o.a.m.s.f.DefaultMavenResourcesFiltering - skip non existing resourceDirectory /Users/ankushsharma/Documents/workspace-spring/springcore/src/test/resources
2024-11-21 11:30:12,206 [Worker-41: Building] INFO  o.a.m.s.f.DefaultMavenResourcesFiltering - skip non existing resourceDirectory /Users/ankushsharma/Documents/workspace-spring/springcore/src/main/resources
2024-11-21 11:30:12,207 [Worker-41: Building] INFO  o.a.m.s.f.DefaultMavenResourcesFiltering - skip non existing resourceDirectory /Users/ankushsharma/Documents/workspace-spring/springcore/src/test/resources
2024-11-21 15:43:06,232 [Worker-47: Building] INFO  o.a.m.s.f.DefaultMavenResourcesFiltering - skip non existing resourceDirectory /Users/ankushsharma/Documents/workspace-spring/springcore/src/main/resources
2024-11-21 15:43:06,236 [Worker-47: Building] INFO  o.a.m.s.f.DefaultMavenResourcesFiltering - skip non existing resourceDirectory /Users/ankushsharma/Documents/workspace-spring/springcore/src/test/resources
2024-11-21 15:43:26,416 [Worker-50: Building] INFO  o.a.m.s.f.DefaultMavenResourcesFiltering - skip non existing resourceDirectory /Users/ankushsharma/Documents/workspace-spring/springcore/src/main/resources
2024-11-21 15:43:26,417 [Worker-50: Building] INFO  o.a.m.s.f.DefaultMavenResourcesFiltering - skip non existing resourceDirectory /Users/ankushsharma/Documents/workspace-spring/springcore/src/test/resources
2024-11-21 15:43:52,335 [Worker-32: Building] INFO  o.a.m.s.f.DefaultMavenResourcesFiltering - skip non existing resourceDirectory /Users/ankushsharma/Documents/workspace-spring/springcore/src/main/resources
2024-11-21 15:43:52,336 [Worker-32: Building] INFO  o.a.m.s.f.DefaultMavenResourcesFiltering - skip non existing resourceDirectory /Users/ankushsharma/Documents/workspace-spring/springcore/src/test/resources
2024-11-21 15:45:28,649 [Worker-50: Building] INFO  o.a.m.s.f.DefaultMavenResourcesFiltering - skip non existing resourceDirectory /Users/ankushsharma/Documents/workspace-spring/springcore/src/main/resources
2024-11-21 15:45:28,651 [Worker-50: Building] INFO  o.a.m.s.f.DefaultMavenResourcesFiltering - skip non existing resourceDirectory /Users/ankushsharma/Documents/workspace-spring/springcore/src/test/resources
2024-11-21 15:45:37,664 [Worker-50: Building] INFO  o.a.m.s.f.DefaultMavenResourcesFiltering - skip non existing resourceDirectory /Users/ankushsharma/Documents/workspace-spring/springcore/src/main/resources
2024-11-21 15:45:37,665 [Worker-50: Building] INFO  o.a.m.s.f.DefaultMavenResourcesFiltering - skip non existing resourceDirectory /Users/ankushsharma/Documents/workspace-spring/springcore/src/test/resources
2024-11-21 15:50:28,716 [Worker-51: Building] INFO  o.a.m.s.f.DefaultMavenResourcesFiltering - skip non existing resourceDirectory /Users/ankushsharma/Documents/workspace-spring/springcore/src/main/resources
2024-11-21 15:50:28,717 [Worker-51: Building] INFO  o.a.m.s.f.DefaultMavenResourcesFiltering - skip non existing resourceDirectory /Users/ankushsharma/Documents/workspace-spring/springcore/src/test/resources
2024-11-21 15:52:37,528 [Worker-51: Building] INFO  o.a.m.s.f.DefaultMavenResourcesFiltering - skip non existing resourceDirectory /Users/ankushsharma/Documents/workspace-spring/springcore/src/main/resources
2024-11-21 15:52:37,529 [Worker-51: Building] INFO  o.a.m.s.f.DefaultMavenResourcesFiltering - skip non existing resourceDirectory /Users/ankushsharma/Documents/workspace-spring/springcore/src/test/resources
2024-11-21 15:58:58,318 [Worker-53: Building] INFO  o.a.m.s.f.DefaultMavenResourcesFiltering - skip non existing resourceDirectory /Users/ankushsharma/Documents/workspace-spring/springcore/src/main/resources
2024-11-21 15:58:58,319 [Worker-53: Building] INFO  o.a.m.s.f.DefaultMavenResourcesFiltering - skip non existing resourceDirectory /Users/ankushsharma/Documents/workspace-spring/springcore/src/test/resources
2024-11-21 16:13:35,709 [Worker-57: Building] INFO  o.a.m.s.f.DefaultMavenResourcesFiltering - skip non existing resourceDirectory /Users/ankushsharma/Documents/workspace-spring/springcore/src/main/resources
2024-11-21 16:13:35,710 [Worker-57: Building] INFO  o.a.m.s.f.DefaultMavenResourcesFiltering - skip non existing resourceDirectory /Users/ankushsharma/Documents/workspace-spring/springcore/src/test/resources
2024-11-21 16:14:42,006 [Worker-53: Building] INFO  o.a.m.s.f.DefaultMavenResourcesFiltering - skip non existing resourceDirectory /Users/ankushsharma/Documents/workspace-spring/springcore/src/main/resources
2024-11-21 16:14:42,007 [Worker-53: Building] INFO  o.a.m.s.f.DefaultMavenResourcesFiltering - skip non existing resourceDirectory /Users/ankushsharma/Documents/workspace-spring/springcore/src/test/resources
2024-11-21 16:14:49,436 [Worker-58: Building] INFO  o.a.m.s.f.DefaultMavenResourcesFiltering - skip non existing resourceDirectory /Users/ankushsharma/Documents/workspace-spring/springcore/src/main/resources
2024-11-21 16:14:49,437 [Worker-58: Building] INFO  o.a.m.s.f.DefaultMavenResourcesFiltering - skip non existing resourceDirectory /Users/ankushsharma/Documents/workspace-spring/springcore/src/test/resources
2024-11-21 16:16:11,022 [Worker-59: Building] INFO  o.a.m.s.f.DefaultMavenResourcesFiltering - skip non existing resourceDirectory /Users/ankushsharma/Documents/workspace-spring/springcore/src/main/resources
2024-11-21 16:16:11,024 [Worker-59: Building] INFO  o.a.m.s.f.DefaultMavenResourcesFiltering - skip non existing resourceDirectory /Users/ankushsharma/Documents/workspace-spring/springcore/src/test/resources
2024-11-21 16:17:28,169 [Worker-53: Building] INFO  o.a.m.s.f.DefaultMavenResourcesFiltering - skip non existing resourceDirectory /Users/ankushsharma/Documents/workspace-spring/springcore/src/main/resources
2024-11-21 16:17:28,171 [Worker-53: Building] INFO  o.a.m.s.f.DefaultMavenResourcesFiltering - skip non existing resourceDirectory /Users/ankushsharma/Documents/workspace-spring/springcore/src/test/resources
2024-11-21 16:17:57,259 [Worker-53: Building] INFO  o.a.m.s.f.DefaultMavenResourcesFiltering - skip non existing resourceDirectory /Users/ankushsharma/Documents/workspace-spring/springcore/src/main/resources
2024-11-21 16:17:57,260 [Worker-53: Building] INFO  o.a.m.s.f.DefaultMavenResourcesFiltering - skip non existing resourceDirectory /Users/ankushsharma/Documents/workspace-spring/springcore/src/test/resources
2024-11-21 16:18:48,994 [Worker-53: Building] INFO  o.a.m.s.f.DefaultMavenResourcesFiltering - skip non existing resourceDirectory /Users/ankushsharma/Documents/workspace-spring/springcore/src/main/resources
2024-11-21 16:18:48,995 [Worker-53: Building] INFO  o.a.m.s.f.DefaultMavenResourcesFiltering - skip non existing resourceDirectory /Users/ankushsharma/Documents/workspace-spring/springcore/src/test/resources
2024-11-21 16:20:30,007 [Worker-61: Building] INFO  o.a.m.s.f.DefaultMavenResourcesFiltering - skip non existing resourceDirectory /Users/ankushsharma/Documents/workspace-spring/springcore/src/main/resources
2024-11-21 16:20:30,007 [Worker-61: Building] INFO  o.a.m.s.f.DefaultMavenResourcesFiltering - skip non existing resourceDirectory /Users/ankushsharma/Documents/workspace-spring/springcore/src/test/resources
2024-11-21 16:21:09,456 [Worker-59: Building] INFO  o.a.m.s.f.DefaultMavenResourcesFiltering - skip non existing resourceDirectory /Users/ankushsharma/Documents/workspace-spring/springcore/src/main/resources
2024-11-21 16:21:09,457 [Worker-59: Building] INFO  o.a.m.s.f.DefaultMavenResourcesFiltering - skip non existing resourceDirectory /Users/ankushsharma/Documents/workspace-spring/springcore/src/test/resources
2024-11-21 16:21:54,982 [Worker-63: Building] INFO  o.a.m.s.f.DefaultMavenResourcesFiltering - skip non existing resourceDirectory /Users/ankushsharma/Documents/workspace-spring/springcore/src/main/resources
2024-11-21 16:21:54,983 [Worker-63: Building] INFO  o.a.m.s.f.DefaultMavenResourcesFiltering - skip non existing resourceDirectory /Users/ankushsharma/Documents/workspace-spring/springcore/src/test/resources
2024-11-21 16:25:52,989 [Worker-64: Building] INFO  o.a.m.s.f.DefaultMavenResourcesFiltering - skip non existing resourceDirectory /Users/ankushsharma/Documents/workspace-spring/springcore/src/main/resources
2024-11-21 16:25:52,990 [Worker-64: Building] INFO  o.a.m.s.f.DefaultMavenResourcesFiltering - skip non existing resourceDirectory /Users/ankushsharma/Documents/workspace-spring/springcore/src/test/resources
2024-11-21 16:26:24,723 [Worker-63: Updating Maven Project] INFO  o.e.m.c.i.p.ProjectConfigurationManager - Update started
2024-11-21 16:26:24,826 [Worker-63: Updating Maven Project] INFO  o.e.m.c.i.l.LifecycleMappingFactory - Using org.eclipse.m2e.jdt.JarLifecycleMapping lifecycle mapping for MavenProject: ankush.springcore:springcore:0.0.1-SNAPSHOT @ /Users/ankushsharma/Documents/workspace-spring/springcore/pom.xml.
2024-11-21 16:26:24,891 [Worker-63: Updating Maven Project] INFO  o.e.m.j.i.AbstractJavaProjectConfigurator - Adding source folder /springcore/src/main/java
2024-11-21 16:26:24,891 [Worker-63: Updating Maven Project] INFO  o.e.m.j.i.AbstractJavaProjectConfigurator - Adding source folder /springcore/src/test/java
2024-11-21 16:26:25,063 [Worker-63: Updating Maven Project] INFO  o.e.m.c.i.p.ProjectConfigurationManager - Update completed: 0 sec
2024-11-21 16:26:25,225 [Worker-67: Building] INFO  o.a.m.s.f.DefaultMavenResourcesFiltering - skip non existing resourceDirectory /Users/ankushsharma/Documents/workspace-spring/springcore/src/main/resources
2024-11-21 16:26:25,226 [Worker-67: Building] INFO  o.a.m.s.f.DefaultMavenResourcesFiltering - skip non existing resourceDirectory /Users/ankushsharma/Documents/workspace-spring/springcore/src/test/resources
2024-11-21 16:27:32,910 [Worker-65: Building] INFO  o.a.m.s.f.DefaultMavenResourcesFiltering - skip non existing resourceDirectory /Users/ankushsharma/Documents/workspace-spring/springcore/src/main/resources
2024-11-21 16:27:32,911 [Worker-65: Building] INFO  o.a.m.s.f.DefaultMavenResourcesFiltering - skip non existing resourceDirectory /Users/ankushsharma/Documents/workspace-spring/springcore/src/test/resources
2024-11-21 16:31:22,364 [Worker-69: Building] INFO  o.a.m.s.f.DefaultMavenResourcesFiltering - skip non existing resourceDirectory /Users/ankushsharma/Documents/workspace-spring/springcore/src/main/resources
2024-11-21 16:31:22,365 [Worker-69: Building] INFO  o.a.m.s.f.DefaultMavenResourcesFiltering - skip non existing resourceDirectory /Users/ankushsharma/Documents/workspace-spring/springcore/src/test/resources
2024-11-21 16:33:00,960 [Worker-69: Building] INFO  o.a.m.s.f.DefaultMavenResourcesFiltering - skip non existing resourceDirectory /Users/ankushsharma/Documents/workspace-spring/springcore/src/main/resources
2024-11-21 16:33:00,962 [Worker-69: Building] INFO  o.a.m.s.f.DefaultMavenResourcesFiltering - skip non existing resourceDirectory /Users/ankushsharma/Documents/workspace-spring/springcore/src/test/resources
2024-11-21 16:33:39,736 [Worker-70: Building] INFO  o.a.m.s.f.DefaultMavenResourcesFiltering - skip non existing resourceDirectory /Users/ankushsharma/Documents/workspace-spring/springcore/src/main/resources
2024-11-21 16:33:39,738 [Worker-70: Building] INFO  o.a.m.s.f.DefaultMavenResourcesFiltering - skip non existing resourceDirectory /Users/ankushsharma/Documents/workspace-spring/springcore/src/test/resources
2024-11-21 16:33:59,279 [Worker-69: Building] INFO  o.a.m.s.f.DefaultMavenResourcesFiltering - skip non existing resourceDirectory /Users/ankushsharma/Documents/workspace-spring/springcore/src/main/resources
2024-11-21 16:33:59,281 [Worker-69: Building] INFO  o.a.m.s.f.DefaultMavenResourcesFiltering - skip non existing resourceDirectory /Users/ankushsharma/Documents/workspace-spring/springcore/src/test/resources
2024-11-21 16:34:11,700 [Worker-70: Building] INFO  o.a.m.s.f.DefaultMavenResourcesFiltering - skip non existing resourceDirectory /Users/ankushsharma/Documents/workspace-spring/springcore/src/main/resources
2024-11-21 16:34:11,701 [Worker-70: Building] INFO  o.a.m.s.f.DefaultMavenResourcesFiltering - skip non existing resourceDirectory /Users/ankushsharma/Documents/workspace-spring/springcore/src/test/resources
2024-11-21 16:34:22,427 [Worker-62: Building] INFO  o.a.m.s.f.DefaultMavenResourcesFiltering - skip non existing resourceDirectory /Users/ankushsharma/Documents/workspace-spring/springcore/src/main/resources
2024-11-21 16:34:22,428 [Worker-62: Building] INFO  o.a.m.s.f.DefaultMavenResourcesFiltering - skip non existing resourceDirectory /Users/ankushsharma/Documents/workspace-spring/springcore/src/test/resources
2024-11-21 16:37:10,988 [Worker-70: Building] INFO  o.a.m.s.f.DefaultMavenResourcesFiltering - skip non existing resourceDirectory /Users/ankushsharma/Documents/workspace-spring/springcore/src/main/resources
2024-11-21 16:37:10,990 [Worker-70: Building] INFO  o.a.m.s.f.DefaultMavenResourcesFiltering - skip non existing resourceDirectory /Users/ankushsharma/Documents/workspace-spring/springcore/src/test/resources
2024-11-21 16:38:00,466 [Worker-71: Building] INFO  o.a.m.s.f.DefaultMavenResourcesFiltering - skip non existing resourceDirectory /Users/ankushsharma/Documents/workspace-spring/springcore/src/main/resources
2024-11-21 16:38:00,467 [Worker-71: Building] INFO  o.a.m.s.f.DefaultMavenResourcesFiltering - skip non existing resourceDirectory /Users/ankushsharma/Documents/workspace-spring/springcore/src/test/resources
2024-11-21 16:38:15,514 [Worker-70: Building] INFO  o.a.m.s.f.DefaultMavenResourcesFiltering - skip non existing resourceDirectory /Users/ankushsharma/Documents/workspace-spring/springcore/src/main/resources
2024-11-21 16:38:15,514 [Worker-70: Building] INFO  o.a.m.s.f.DefaultMavenResourcesFiltering - skip non existing resourceDirectory /Users/ankushsharma/Documents/workspace-spring/springcore/src/test/resources
2024-11-21 16:43:27,994 [Worker-70: Building] INFO  o.a.m.s.f.DefaultMavenResourcesFiltering - skip non existing resourceDirectory /Users/ankushsharma/Documents/workspace-spring/springcore/src/main/resources
2024-11-21 16:43:27,995 [Worker-70: Building] INFO  o.a.m.s.f.DefaultMavenResourcesFiltering - skip non existing resourceDirectory /Users/ankushsharma/Documents/workspace-spring/springcore/src/test/resources
2024-11-21 16:45:26,659 [Worker-75: Building] INFO  o.a.m.s.f.DefaultMavenResourcesFiltering - skip non existing resourceDirectory /Users/ankushsharma/Documents/workspace-spring/springcore/src/main/resources
2024-11-21 16:45:26,660 [Worker-75: Building] INFO  o.a.m.s.f.DefaultMavenResourcesFiltering - skip non existing resourceDirectory /Users/ankushsharma/Documents/workspace-spring/springcore/src/test/resources
2024-11-21 16:46:43,323 [Worker-76: Building] INFO  o.a.m.s.f.DefaultMavenResourcesFiltering - skip non existing resourceDirectory /Users/ankushsharma/Documents/workspace-spring/springcore/src/main/resources
2024-11-21 16:46:43,324 [Worker-76: Building] INFO  o.a.m.s.f.DefaultMavenResourcesFiltering - skip non existing resourceDirectory /Users/ankushsharma/Documents/workspace-spring/springcore/src/test/resources
2024-11-21 16:49:06,505 [Worker-74: Building] INFO  o.a.m.s.f.DefaultMavenResourcesFiltering - skip non existing resourceDirectory /Users/ankushsharma/Documents/workspace-spring/springcore/src/main/resources
2024-11-21 16:49:06,506 [Worker-74: Building] INFO  o.a.m.s.f.DefaultMavenResourcesFiltering - skip non existing resourceDirectory /Users/ankushsharma/Documents/workspace-spring/springcore/src/test/resources
2024-11-21 16:49:36,542 [Worker-74: Building] INFO  o.a.m.s.f.DefaultMavenResourcesFiltering - skip non existing resourceDirectory /Users/ankushsharma/Documents/workspace-spring/springcore/src/main/resources
2024-11-21 16:49:36,543 [Worker-74: Building] INFO  o.a.m.s.f.DefaultMavenResourcesFiltering - skip non existing resourceDirectory /Users/ankushsharma/Documents/workspace-spring/springcore/src/test/resources
2024-11-21 16:52:37,570 [Worker-78: Building] INFO  o.a.m.s.f.DefaultMavenResourcesFiltering - skip non existing resourceDirectory /Users/ankushsharma/Documents/workspace-spring/springcore/src/main/resources
2024-11-21 16:52:37,571 [Worker-78: Building] INFO  o.a.m.s.f.DefaultMavenResourcesFiltering - skip non existing resourceDirectory /Users/ankushsharma/Documents/workspace-spring/springcore/src/test/resources
2024-11-21 16:54:11,005 [Worker-76: Building] INFO  o.a.m.s.f.DefaultMavenResourcesFiltering - skip non existing resourceDirectory /Users/ankushsharma/Documents/workspace-spring/springcore/src/main/resources
2024-11-21 16:54:11,005 [Worker-76: Building] INFO  o.a.m.s.f.DefaultMavenResourcesFiltering - skip non existing resourceDirectory /Users/ankushsharma/Documents/workspace-spring/springcore/src/test/resources
2024-11-21 16:54:33,460 [Worker-76: Launching App] INFO  o.a.m.s.f.DefaultMavenResourcesFiltering - skip non existing resourceDirectory /Users/ankushsharma/Documents/workspace-spring/springcore/src/main/resources
2024-11-21 16:54:33,460 [Worker-76: Launching App] INFO  o.a.m.s.f.DefaultMavenResourcesFiltering - skip non existing resourceDirectory /Users/ankushsharma/Documents/workspace-spring/springcore/src/test/resources
2024-11-21 16:56:06,929 [Worker-77: Building] INFO  o.a.m.s.f.DefaultMavenResourcesFiltering - skip non existing resourceDirectory /Users/ankushsharma/Documents/workspace-spring/springcore/src/main/resources
2024-11-21 16:56:06,930 [Worker-77: Building] INFO  o.a.m.s.f.DefaultMavenResourcesFiltering - skip non existing resourceDirectory /Users/ankushsharma/Documents/workspace-spring/springcore/src/test/resources
2024-11-21 16:56:14,199 [Worker-80: Building] INFO  o.a.m.s.f.DefaultMavenResourcesFiltering - skip non existing resourceDirectory /Users/ankushsharma/Documents/workspace-spring/springcore/src/main/resources
2024-11-21 16:56:14,200 [Worker-80: Building] INFO  o.a.m.s.f.DefaultMavenResourcesFiltering - skip non existing resourceDirectory /Users/ankushsharma/Documents/workspace-spring/springcore/src/test/resources
2024-11-21 16:56:47,452 [Worker-71: Building] INFO  o.a.m.s.f.DefaultMavenResourcesFiltering - skip non existing resourceDirectory /Users/ankushsharma/Documents/workspace-spring/springcore/src/main/resources
2024-11-21 16:56:47,453 [Worker-71: Building] INFO  o.a.m.s.f.DefaultMavenResourcesFiltering - skip non existing resourceDirectory /Users/ankushsharma/Documents/workspace-spring/springcore/src/test/resources
2024-11-21 17:00:05,986 [Worker-82: Building] INFO  o.a.m.s.f.DefaultMavenResourcesFiltering - skip non existing resourceDirectory /Users/ankushsharma/Documents/workspace-spring/springcore/src/main/resources
2024-11-21 17:00:05,986 [Worker-82: Building] INFO  o.a.m.s.f.DefaultMavenResourcesFiltering - skip non existing resourceDirectory /Users/ankushsharma/Documents/workspace-spring/springcore/src/test/resources
2024-11-21 17:00:39,531 [Worker-80: Building] INFO  o.a.m.s.f.DefaultMavenResourcesFiltering - skip non existing resourceDirectory /Users/ankushsharma/Documents/workspace-spring/springcore/src/main/resources
2024-11-21 17:00:39,532 [Worker-80: Building] INFO  o.a.m.s.f.DefaultMavenResourcesFiltering - skip non existing resourceDirectory /Users/ankushsharma/Documents/workspace-spring/springcore/src/test/resources
